{"/home/abner/Área de Trabalho/next/my-trips/src/components/LinkWrapper/index.tsx": {"path":"/home/abner/Área de Trabalho/next/my-trips/src/components/LinkWrapper/index.tsx","statementMap":{"0":{"start":{"line":10,"column":20},"end":{"line":14,"column":1}},"1":{"start":{"line":11,"column":2},"end":{"line":13,"column":14}}},"fnMap":{"0":{"name":"(anonymous_0)","decl":{"start":{"line":10,"column":20},"end":{"line":10,"column":21}},"loc":{"start":{"line":11,"column":2},"end":{"line":13,"column":14}},"line":11}},"branchMap":{},"s":{"0":1,"1":1},"f":{"0":1},"b":{},"_coverageSchema":"1a1c01bbd47fc00a2c39e90264f33305004495a9","hash":"b05c61fa512ee361ae64d939df041dcb1035bc94"}
,"/home/abner/Área de Trabalho/next/my-trips/src/components/Map/index.tsx": {"path":"/home/abner/Área de Trabalho/next/my-trips/src/components/Map/index.tsx","statementMap":{"0":{"start":{"line":16,"column":12},"end":{"line":37,"column":1}},"1":{"start":{"line":17,"column":2},"end":{"line":36,"column":17}},"2":{"start":{"line":27,"column":38},"end":{"line":27,"column":46}},"3":{"start":{"line":28,"column":6},"end":{"line":34,"column":7}}},"fnMap":{"0":{"name":"(anonymous_0)","decl":{"start":{"line":16,"column":12},"end":{"line":16,"column":13}},"loc":{"start":{"line":17,"column":2},"end":{"line":36,"column":17}},"line":17},"1":{"name":"(anonymous_1)","decl":{"start":{"line":26,"column":17},"end":{"line":26,"column":18}},"loc":{"start":{"line":26,"column":45},"end":{"line":35,"column":5}},"line":26}},"branchMap":{},"s":{"0":0,"1":0,"2":0,"3":0},"f":{"0":0,"1":0},"b":{}}
,"/home/abner/Área de Trabalho/next/my-trips/src/pages/_app.tsx": {"path":"/home/abner/Área de Trabalho/next/my-trips/src/pages/_app.tsx","statementMap":{"0":{"start":{"line":7,"column":2},"end":{"line":29,"column":3}}},"fnMap":{"0":{"name":"App","decl":{"start":{"line":6,"column":9},"end":{"line":6,"column":12}},"loc":{"start":{"line":6,"column":49},"end":{"line":30,"column":1}},"line":6}},"branchMap":{},"s":{"0":0},"f":{"0":0},"b":{}}
,"/home/abner/Área de Trabalho/next/my-trips/src/pages/index.tsx": {"path":"/home/abner/Área de Trabalho/next/my-trips/src/pages/index.tsx","statementMap":{"0":{"start":{"line":3,"column":12},"end":{"line":3,"column":67}},"1":{"start":{"line":3,"column":26},"end":{"line":3,"column":50}},"2":{"start":{"line":6,"column":2},"end":{"line":20,"column":3}}},"fnMap":{"0":{"name":"(anonymous_0)","decl":{"start":{"line":3,"column":20},"end":{"line":3,"column":21}},"loc":{"start":{"line":3,"column":26},"end":{"line":3,"column":50}},"line":3},"1":{"name":"Home","decl":{"start":{"line":5,"column":24},"end":{"line":5,"column":28}},"loc":{"start":{"line":5,"column":31},"end":{"line":21,"column":1}},"line":5}},"branchMap":{},"s":{"0":0,"1":0,"2":0},"f":{"0":0,"1":0},"b":{}}
}
