TN:
SF:src/components/LinkWrapper/index.tsx
FN:10,(anonymous_0)
FNF:1
FNH:1
FNDA:1,(anonymous_0)
DA:10,1
DA:11,1
LF:2
LH:2
BRF:0
BRH:0
end_of_record
TN:
SF:src/components/Map/index.tsx
FN:16,(anonymous_0)
FN:26,(anonymous_1)
FNF:2
FNH:0
FNDA:0,(anonymous_0)
FNDA:0,(anonymous_1)
DA:16,0
DA:17,0
DA:27,0
DA:28,0
LF:4
LH:0
BRF:0
BRH:0
end_of_record
TN:
SF:src/pages/_app.tsx
FN:6,App
FNF:1
FNH:0
FNDA:0,App
DA:7,0
LF:1
LH:0
BRF:0
BRH:0
end_of_record
TN:
SF:src/pages/index.tsx
FN:3,(anonymous_0)
FN:5,Home
FNF:2
FNH:0
FNDA:0,(anonymous_0)
FNDA:0,Home
DA:3,0
DA:6,0
LF:2
LH:0
BRF:0
BRH:0
end_of_record
